2022-05-10 08:06:11,491 [main] [36mc.t.s.s.TestService[0;39m - Starting TestService using Java 15.0.2 on TYSS-Abhishek with PID 8984 (started by Abhishek in C:\Personal workspace\Student-Management) 
2022-05-10 08:06:11,537 [main] [36mc.t.s.s.TestService[0;39m - No active profile set, falling back to 1 default profile: "default" 
2022-05-10 08:06:13,213 [main] [36mo.s.d.r.c.RepositoryConfigurationDelegate[0;39m - Bootstrapping Spring Data JPA repositories in DEFAULT mode. 
2022-05-10 08:06:13,357 [main] [36mo.s.d.r.c.RepositoryConfigurationDelegate[0;39m - Finished Spring Data repository scanning in 122 ms. Found 2 JPA repository interfaces. 
2022-05-10 08:06:14,601 [main] [36mo.h.j.i.u.LogHelper[0;39m - HHH000204: Processing PersistenceUnitInfo [name: default] 
2022-05-10 08:06:14,730 [main] [36mo.h.Version[0;39m - HHH000412: Hibernate ORM core version 5.6.8.Final 
2022-05-10 08:06:15,042 [main] [36mo.h.a.c.Version[0;39m - HCANN000001: Hibernate Commons Annotations {5.1.2.Final} 
2022-05-10 08:06:15,430 [main] [36mc.z.h.HikariDataSource[0;39m - HikariPool-1 - Starting... 
2022-05-10 08:06:16,185 [main] [36mc.z.h.HikariDataSource[0;39m - HikariPool-1 - Start completed. 
2022-05-10 08:06:16,265 [main] [36mo.h.d.Dialect[0;39m - HHH000400: Using dialect: org.hibernate.dialect.MySQL8Dialect 
2022-05-10 08:06:17,947 [main] [36mo.h.e.t.j.p.i.JtaPlatformInitiator[0;39m - HHH000490: Using JtaPlatform implementation: [org.hibernate.engine.transaction.jta.platform.internal.NoJtaPlatform] 
2022-05-10 08:06:17,967 [main] [36mo.s.o.j.LocalContainerEntityManagerFactoryBean[0;39m - Initialized JPA EntityManagerFactory for persistence unit 'default' 
2022-05-10 08:06:19,153 [main] [36mo.s.b.a.o.j.JpaBaseConfiguration$JpaWebConfiguration[0;39m - spring.jpa.open-in-view is enabled by default. Therefore, database queries may be performed during view rendering. Explicitly configure spring.jpa.open-in-view to disable this warning 
2022-05-10 08:06:20,492 [main] [36mc.t.s.s.TestService[0;39m - Started TestService in 9.893 seconds (JVM running for 13.033) 
2022-05-10 08:06:21,181 [main] [36mo.s.b.t.c.SpringBootTestContextBootstrapper[0;39m - Neither @ContextConfiguration nor @ContextHierarchy found for test class [com.task.student.controller.TestController], using SpringBootContextLoader 
2022-05-10 08:06:21,185 [main] [36mo.s.t.c.s.AbstractContextLoader[0;39m - Could not detect default resource locations for test class [com.task.student.controller.TestController]: no resource found for suffixes {-context.xml, Context.groovy}. 
2022-05-10 08:06:21,186 [main] [36mo.s.t.c.s.AnnotationConfigContextLoaderUtils[0;39m - Could not detect default configuration classes for test class [com.task.student.controller.TestController]: TestController does not declare any static, non-private, non-final, nested classes annotated with @Configuration. 
2022-05-10 08:06:21,209 [main] [36mo.s.b.t.c.SpringBootTestContextBootstrapper[0;39m - Found @SpringBootConfiguration com.task.student.StudentManagementApplication for test class com.task.student.controller.TestController 
2022-05-10 08:06:21,216 [main] [36mo.s.b.t.c.SpringBootTestContextBootstrapper[0;39m - Loaded default TestExecutionListener class names from location [META-INF/spring.factories]: [org.springframework.boot.test.mock.mockito.MockitoTestExecutionListener, org.springframework.boot.test.mock.mockito.ResetMocksTestExecutionListener, org.springframework.boot.test.autoconfigure.restdocs.RestDocsTestExecutionListener, org.springframework.boot.test.autoconfigure.web.client.MockRestServiceServerResetTestExecutionListener, org.springframework.boot.test.autoconfigure.web.servlet.MockMvcPrintOnlyOnFailureTestExecutionListener, org.springframework.boot.test.autoconfigure.web.servlet.WebDriverTestExecutionListener, org.springframework.boot.test.autoconfigure.webservices.client.MockWebServiceServerTestExecutionListener, org.springframework.test.context.web.ServletTestExecutionListener, org.springframework.test.context.support.DirtiesContextBeforeModesTestExecutionListener, org.springframework.test.context.event.ApplicationEventsTestExecutionListener, org.springframework.test.context.support.DependencyInjectionTestExecutionListener, org.springframework.test.context.support.DirtiesContextTestExecutionListener, org.springframework.test.context.transaction.TransactionalTestExecutionListener, org.springframework.test.context.jdbc.SqlScriptsTestExecutionListener, org.springframework.test.context.event.EventPublishingTestExecutionListener] 
2022-05-10 08:06:21,217 [main] [36mo.s.b.t.c.SpringBootTestContextBootstrapper[0;39m - Using TestExecutionListeners: [org.springframework.test.context.web.ServletTestExecutionListener@758ac46, org.springframework.test.context.support.DirtiesContextBeforeModesTestExecutionListener@4d2f8ee7, org.springframework.test.context.event.ApplicationEventsTestExecutionListener@593e594f, org.springframework.boot.test.mock.mockito.MockitoTestExecutionListener@3a1e5fa7, org.springframework.boot.test.autoconfigure.SpringBootDependencyInjectionTestExecutionListener@7866fe3e, org.springframework.test.context.support.DirtiesContextTestExecutionListener@498f1f63, org.springframework.test.context.transaction.TransactionalTestExecutionListener@6250d33c, org.springframework.test.context.jdbc.SqlScriptsTestExecutionListener@2a7b4bb6, org.springframework.test.context.event.EventPublishingTestExecutionListener@65a3d7c9, org.springframework.boot.test.mock.mockito.ResetMocksTestExecutionListener@5466a819, org.springframework.boot.test.autoconfigure.restdocs.RestDocsTestExecutionListener@30cb489a, org.springframework.boot.test.autoconfigure.web.client.MockRestServiceServerResetTestExecutionListener@401d83ce, org.springframework.boot.test.autoconfigure.web.servlet.MockMvcPrintOnlyOnFailureTestExecutionListener@3b7b099b, org.springframework.boot.test.autoconfigure.web.servlet.WebDriverTestExecutionListener@5abc488d, org.springframework.boot.test.autoconfigure.webservices.client.MockWebServiceServerTestExecutionListener@30d944d8] 
2022-05-10 08:06:21,322 [main] [36mo.s.m.w.MockServletContext[0;39m - Initializing Spring TestDispatcherServlet '' 
2022-05-10 08:06:21,324 [main] [36mo.s.t.w.s.TestDispatcherServlet[0;39m - Initializing Servlet '' 
2022-05-10 08:06:21,324 [main] [36mo.s.t.w.s.TestDispatcherServlet[0;39m - Completed initialization in 0 ms 
2022-05-10 08:06:21,498 [main] [36mc.t.s.c.StudentController[0;39m - Students Details Fetched Successfully.. 
2022-05-10 08:06:21,595 [main] [36mo.s.m.w.MockServletContext[0;39m - Initializing Spring TestDispatcherServlet '' 
2022-05-10 08:06:21,596 [main] [36mo.s.t.w.s.TestDispatcherServlet[0;39m - Initializing Servlet '' 
2022-05-10 08:06:21,596 [main] [36mo.s.t.w.s.TestDispatcherServlet[0;39m - Completed initialization in 0 ms 
2022-05-10 08:06:21,628 [main] [36mc.t.s.c.StudentController[0;39m - StudentDto(name=Ruturaj, age=27, address=Mumbai, subjects=[Subject(id=null, name=Hindi, marks=80.0), Subject(id=null, name=English, marks=90.0)])  Students Details Inserted Successfully.. 
2022-05-10 08:06:21,640 [main] [36mo.s.b.t.c.SpringBootTestContextBootstrapper[0;39m - Neither @ContextConfiguration nor @ContextHierarchy found for test class [com.task.student.StudentManagementApplicationTests], using SpringBootContextLoader 
2022-05-10 08:06:21,641 [main] [36mo.s.t.c.s.AbstractContextLoader[0;39m - Could not detect default resource locations for test class [com.task.student.StudentManagementApplicationTests]: no resource found for suffixes {-context.xml, Context.groovy}. 
2022-05-10 08:06:21,642 [main] [36mo.s.t.c.s.AnnotationConfigContextLoaderUtils[0;39m - Could not detect default configuration classes for test class [com.task.student.StudentManagementApplicationTests]: StudentManagementApplicationTests does not declare any static, non-private, non-final, nested classes annotated with @Configuration. 
2022-05-10 08:06:21,647 [main] [36mo.s.b.t.c.SpringBootTestContextBootstrapper[0;39m - Found @SpringBootConfiguration com.task.student.StudentManagementApplication for test class com.task.student.StudentManagementApplicationTests 
2022-05-10 08:06:21,650 [main] [36mo.s.b.t.c.SpringBootTestContextBootstrapper[0;39m - Loaded default TestExecutionListener class names from location [META-INF/spring.factories]: [org.springframework.boot.test.mock.mockito.MockitoTestExecutionListener, org.springframework.boot.test.mock.mockito.ResetMocksTestExecutionListener, org.springframework.boot.test.autoconfigure.restdocs.RestDocsTestExecutionListener, org.springframework.boot.test.autoconfigure.web.client.MockRestServiceServerResetTestExecutionListener, org.springframework.boot.test.autoconfigure.web.servlet.MockMvcPrintOnlyOnFailureTestExecutionListener, org.springframework.boot.test.autoconfigure.web.servlet.WebDriverTestExecutionListener, org.springframework.boot.test.autoconfigure.webservices.client.MockWebServiceServerTestExecutionListener, org.springframework.test.context.web.ServletTestExecutionListener, org.springframework.test.context.support.DirtiesContextBeforeModesTestExecutionListener, org.springframework.test.context.event.ApplicationEventsTestExecutionListener, org.springframework.test.context.support.DependencyInjectionTestExecutionListener, org.springframework.test.context.support.DirtiesContextTestExecutionListener, org.springframework.test.context.transaction.TransactionalTestExecutionListener, org.springframework.test.context.jdbc.SqlScriptsTestExecutionListener, org.springframework.test.context.event.EventPublishingTestExecutionListener] 
2022-05-10 08:06:21,651 [main] [36mo.s.b.t.c.SpringBootTestContextBootstrapper[0;39m - Using TestExecutionListeners: [org.springframework.test.context.web.ServletTestExecutionListener@12d28106, org.springframework.test.context.support.DirtiesContextBeforeModesTestExecutionListener@6a3c1b56, org.springframework.test.context.event.ApplicationEventsTestExecutionListener@3b8ce72, org.springframework.boot.test.mock.mockito.MockitoTestExecutionListener@3ce4eb42, org.springframework.boot.test.autoconfigure.SpringBootDependencyInjectionTestExecutionListener@3a388769, org.springframework.test.context.support.DirtiesContextTestExecutionListener@3054cdd3, org.springframework.test.context.transaction.TransactionalTestExecutionListener@755a4ef5, org.springframework.test.context.jdbc.SqlScriptsTestExecutionListener@6eff05e7, org.springframework.test.context.event.EventPublishingTestExecutionListener@1002c49e, org.springframework.boot.test.mock.mockito.ResetMocksTestExecutionListener@62eb918, org.springframework.boot.test.autoconfigure.restdocs.RestDocsTestExecutionListener@21a462ce, org.springframework.boot.test.autoconfigure.web.client.MockRestServiceServerResetTestExecutionListener@37e28b20, org.springframework.boot.test.autoconfigure.web.servlet.MockMvcPrintOnlyOnFailureTestExecutionListener@31428f76, org.springframework.boot.test.autoconfigure.web.servlet.WebDriverTestExecutionListener@4257163f, org.springframework.boot.test.autoconfigure.webservices.client.MockWebServiceServerTestExecutionListener@40e7aea9] 
2022-05-10 08:06:21,678 [SpringApplicationShutdownHook] [36mo.s.o.j.LocalContainerEntityManagerFactoryBean[0;39m - Closing JPA EntityManagerFactory for persistence unit 'default' 
2022-05-10 08:06:21,683 [SpringApplicationShutdownHook] [36mc.z.h.HikariDataSource[0;39m - HikariPool-1 - Shutdown initiated... 
2022-05-10 08:06:21,714 [SpringApplicationShutdownHook] [36mc.z.h.HikariDataSource[0;39m - HikariPool-1 - Shutdown completed. 
2022-05-10 08:06:39,236 [main] [36mc.t.s.s.TestService[0;39m - Starting TestService using Java 15.0.2 on TYSS-Abhishek with PID 1596 (started by Abhishek in C:\Personal workspace\Student-Management) 
2022-05-10 08:06:39,247 [main] [36mc.t.s.s.TestService[0;39m - No active profile set, falling back to 1 default profile: "default" 
2022-05-10 08:06:40,642 [main] [36mo.s.d.r.c.RepositoryConfigurationDelegate[0;39m - Bootstrapping Spring Data JPA repositories in DEFAULT mode. 
2022-05-10 08:06:40,786 [main] [36mo.s.d.r.c.RepositoryConfigurationDelegate[0;39m - Finished Spring Data repository scanning in 124 ms. Found 2 JPA repository interfaces. 
2022-05-10 08:06:41,946 [main] [36mo.h.j.i.u.LogHelper[0;39m - HHH000204: Processing PersistenceUnitInfo [name: default] 
2022-05-10 08:06:42,072 [main] [36mo.h.Version[0;39m - HHH000412: Hibernate ORM core version 5.6.8.Final 
2022-05-10 08:06:42,378 [main] [36mo.h.a.c.Version[0;39m - HCANN000001: Hibernate Commons Annotations {5.1.2.Final} 
2022-05-10 08:06:42,698 [main] [36mc.z.h.HikariDataSource[0;39m - HikariPool-1 - Starting... 
2022-05-10 08:06:43,379 [main] [36mc.z.h.HikariDataSource[0;39m - HikariPool-1 - Start completed. 
2022-05-10 08:06:43,420 [main] [36mo.h.d.Dialect[0;39m - HHH000400: Using dialect: org.hibernate.dialect.MySQL8Dialect 
2022-05-10 08:06:44,857 [main] [36mo.h.e.t.j.p.i.JtaPlatformInitiator[0;39m - HHH000490: Using JtaPlatform implementation: [org.hibernate.engine.transaction.jta.platform.internal.NoJtaPlatform] 
2022-05-10 08:06:44,876 [main] [36mo.s.o.j.LocalContainerEntityManagerFactoryBean[0;39m - Initialized JPA EntityManagerFactory for persistence unit 'default' 
2022-05-10 08:06:45,980 [main] [36mo.s.b.a.o.j.JpaBaseConfiguration$JpaWebConfiguration[0;39m - spring.jpa.open-in-view is enabled by default. Therefore, database queries may be performed during view rendering. Explicitly configure spring.jpa.open-in-view to disable this warning 
2022-05-10 08:06:47,387 [main] [36mc.t.s.s.TestService[0;39m - Started TestService in 8.768 seconds (JVM running for 11.466) 
2022-05-10 08:06:48,070 [main] [36mo.s.b.t.c.SpringBootTestContextBootstrapper[0;39m - Neither @ContextConfiguration nor @ContextHierarchy found for test class [com.task.student.controller.TestController], using SpringBootContextLoader 
2022-05-10 08:06:48,074 [main] [36mo.s.t.c.s.AbstractContextLoader[0;39m - Could not detect default resource locations for test class [com.task.student.controller.TestController]: no resource found for suffixes {-context.xml, Context.groovy}. 
2022-05-10 08:06:48,076 [main] [36mo.s.t.c.s.AnnotationConfigContextLoaderUtils[0;39m - Could not detect default configuration classes for test class [com.task.student.controller.TestController]: TestController does not declare any static, non-private, non-final, nested classes annotated with @Configuration. 
2022-05-10 08:06:48,101 [main] [36mo.s.b.t.c.SpringBootTestContextBootstrapper[0;39m - Found @SpringBootConfiguration com.task.student.StudentManagementApplication for test class com.task.student.controller.TestController 
2022-05-10 08:06:48,111 [main] [36mo.s.b.t.c.SpringBootTestContextBootstrapper[0;39m - Loaded default TestExecutionListener class names from location [META-INF/spring.factories]: [org.springframework.boot.test.mock.mockito.MockitoTestExecutionListener, org.springframework.boot.test.mock.mockito.ResetMocksTestExecutionListener, org.springframework.boot.test.autoconfigure.restdocs.RestDocsTestExecutionListener, org.springframework.boot.test.autoconfigure.web.client.MockRestServiceServerResetTestExecutionListener, org.springframework.boot.test.autoconfigure.web.servlet.MockMvcPrintOnlyOnFailureTestExecutionListener, org.springframework.boot.test.autoconfigure.web.servlet.WebDriverTestExecutionListener, org.springframework.boot.test.autoconfigure.webservices.client.MockWebServiceServerTestExecutionListener, org.springframework.test.context.web.ServletTestExecutionListener, org.springframework.test.context.support.DirtiesContextBeforeModesTestExecutionListener, org.springframework.test.context.event.ApplicationEventsTestExecutionListener, org.springframework.test.context.support.DependencyInjectionTestExecutionListener, org.springframework.test.context.support.DirtiesContextTestExecutionListener, org.springframework.test.context.transaction.TransactionalTestExecutionListener, org.springframework.test.context.jdbc.SqlScriptsTestExecutionListener, org.springframework.test.context.event.EventPublishingTestExecutionListener] 
2022-05-10 08:06:48,113 [main] [36mo.s.b.t.c.SpringBootTestContextBootstrapper[0;39m - Using TestExecutionListeners: [org.springframework.test.context.web.ServletTestExecutionListener@74cf2d5f, org.springframework.test.context.support.DirtiesContextBeforeModesTestExecutionListener@14b9817b, org.springframework.test.context.event.ApplicationEventsTestExecutionListener@3052395d, org.springframework.boot.test.mock.mockito.MockitoTestExecutionListener@a2ca681, org.springframework.boot.test.autoconfigure.SpringBootDependencyInjectionTestExecutionListener@784c74e, org.springframework.test.context.support.DirtiesContextTestExecutionListener@5fee3c9c, org.springframework.test.context.transaction.TransactionalTestExecutionListener@7e577eed, org.springframework.test.context.jdbc.SqlScriptsTestExecutionListener@11a0c708, org.springframework.test.context.event.EventPublishingTestExecutionListener@30bfdcc5, org.springframework.boot.test.mock.mockito.ResetMocksTestExecutionListener@1e9b0c92, org.springframework.boot.test.autoconfigure.restdocs.RestDocsTestExecutionListener@5bfeb9ba, org.springframework.boot.test.autoconfigure.web.client.MockRestServiceServerResetTestExecutionListener@4cf1bd4a, org.springframework.boot.test.autoconfigure.web.servlet.MockMvcPrintOnlyOnFailureTestExecutionListener@26619e5, org.springframework.boot.test.autoconfigure.web.servlet.WebDriverTestExecutionListener@445f6aa7, org.springframework.boot.test.autoconfigure.webservices.client.MockWebServiceServerTestExecutionListener@6a4238ff] 
2022-05-10 08:06:48,206 [main] [36mo.s.m.w.MockServletContext[0;39m - Initializing Spring TestDispatcherServlet '' 
2022-05-10 08:06:48,209 [main] [36mo.s.t.w.s.TestDispatcherServlet[0;39m - Initializing Servlet '' 
2022-05-10 08:06:48,211 [main] [36mo.s.t.w.s.TestDispatcherServlet[0;39m - Completed initialization in 1 ms 
2022-05-10 08:06:48,342 [main] [36mc.t.s.c.StudentController[0;39m - Students Details Fetched Successfully.. 
2022-05-10 08:06:48,472 [main] [36mo.s.m.w.MockServletContext[0;39m - Initializing Spring TestDispatcherServlet '' 
2022-05-10 08:06:48,472 [main] [36mo.s.t.w.s.TestDispatcherServlet[0;39m - Initializing Servlet '' 
2022-05-10 08:06:48,473 [main] [36mo.s.t.w.s.TestDispatcherServlet[0;39m - Completed initialization in 1 ms 
2022-05-10 08:06:48,516 [main] [36mc.t.s.c.StudentController[0;39m - StudentDto(name=Ruturaj, age=27, address=Mumbai, subjects=[Subject(id=null, name=Hindi, marks=80.0), Subject(id=null, name=English, marks=90.0)])  Students Details Inserted Successfully.. 
2022-05-10 08:06:48,534 [main] [36mo.s.b.t.c.SpringBootTestContextBootstrapper[0;39m - Neither @ContextConfiguration nor @ContextHierarchy found for test class [com.task.student.StudentManagementApplicationTests], using SpringBootContextLoader 
2022-05-10 08:06:48,536 [main] [36mo.s.t.c.s.AbstractContextLoader[0;39m - Could not detect default resource locations for test class [com.task.student.StudentManagementApplicationTests]: no resource found for suffixes {-context.xml, Context.groovy}. 
2022-05-10 08:06:48,536 [main] [36mo.s.t.c.s.AnnotationConfigContextLoaderUtils[0;39m - Could not detect default configuration classes for test class [com.task.student.StudentManagementApplicationTests]: StudentManagementApplicationTests does not declare any static, non-private, non-final, nested classes annotated with @Configuration. 
2022-05-10 08:06:48,545 [main] [36mo.s.b.t.c.SpringBootTestContextBootstrapper[0;39m - Found @SpringBootConfiguration com.task.student.StudentManagementApplication for test class com.task.student.StudentManagementApplicationTests 
2022-05-10 08:06:48,549 [main] [36mo.s.b.t.c.SpringBootTestContextBootstrapper[0;39m - Loaded default TestExecutionListener class names from location [META-INF/spring.factories]: [org.springframework.boot.test.mock.mockito.MockitoTestExecutionListener, org.springframework.boot.test.mock.mockito.ResetMocksTestExecutionListener, org.springframework.boot.test.autoconfigure.restdocs.RestDocsTestExecutionListener, org.springframework.boot.test.autoconfigure.web.client.MockRestServiceServerResetTestExecutionListener, org.springframework.boot.test.autoconfigure.web.servlet.MockMvcPrintOnlyOnFailureTestExecutionListener, org.springframework.boot.test.autoconfigure.web.servlet.WebDriverTestExecutionListener, org.springframework.boot.test.autoconfigure.webservices.client.MockWebServiceServerTestExecutionListener, org.springframework.test.context.web.ServletTestExecutionListener, org.springframework.test.context.support.DirtiesContextBeforeModesTestExecutionListener, org.springframework.test.context.event.ApplicationEventsTestExecutionListener, org.springframework.test.context.support.DependencyInjectionTestExecutionListener, org.springframework.test.context.support.DirtiesContextTestExecutionListener, org.springframework.test.context.transaction.TransactionalTestExecutionListener, org.springframework.test.context.jdbc.SqlScriptsTestExecutionListener, org.springframework.test.context.event.EventPublishingTestExecutionListener] 
2022-05-10 08:06:48,550 [main] [36mo.s.b.t.c.SpringBootTestContextBootstrapper[0;39m - Using TestExecutionListeners: [org.springframework.test.context.web.ServletTestExecutionListener@31c31fa6, org.springframework.test.context.support.DirtiesContextBeforeModesTestExecutionListener@70ebaa1e, org.springframework.test.context.event.ApplicationEventsTestExecutionListener@3d5e3f58, org.springframework.boot.test.mock.mockito.MockitoTestExecutionListener@615b1baf, org.springframework.boot.test.autoconfigure.SpringBootDependencyInjectionTestExecutionListener@48cc060d, org.springframework.test.context.support.DirtiesContextTestExecutionListener@65dafe50, org.springframework.test.context.transaction.TransactionalTestExecutionListener@29b2a94c, org.springframework.test.context.jdbc.SqlScriptsTestExecutionListener@108d59b6, org.springframework.test.context.event.EventPublishingTestExecutionListener@38d9c9c4, org.springframework.boot.test.mock.mockito.ResetMocksTestExecutionListener@a4388f1, org.springframework.boot.test.autoconfigure.restdocs.RestDocsTestExecutionListener@3687b83c, org.springframework.boot.test.autoconfigure.web.client.MockRestServiceServerResetTestExecutionListener@4cbd17b3, org.springframework.boot.test.autoconfigure.web.servlet.MockMvcPrintOnlyOnFailureTestExecutionListener@3a5c6009, org.springframework.boot.test.autoconfigure.web.servlet.WebDriverTestExecutionListener@2c4e63b3, org.springframework.boot.test.autoconfigure.webservices.client.MockWebServiceServerTestExecutionListener@2703785e] 
2022-05-10 08:06:48,581 [SpringApplicationShutdownHook] [36mo.s.o.j.LocalContainerEntityManagerFactoryBean[0;39m - Closing JPA EntityManagerFactory for persistence unit 'default' 
2022-05-10 08:06:48,588 [SpringApplicationShutdownHook] [36mc.z.h.HikariDataSource[0;39m - HikariPool-1 - Shutdown initiated... 
2022-05-10 08:06:48,610 [SpringApplicationShutdownHook] [36mc.z.h.HikariDataSource[0;39m - HikariPool-1 - Shutdown completed. 
2022-05-10 09:33:26,769 [main] [36mc.t.s.c.TestController[0;39m - Starting TestController using Java 15.0.2 on DESKTOP-NJK7R17 with PID 7768 (started by Dundappa in D:\BAckend\Student_Management) 
2022-05-10 09:33:26,792 [main] [36mc.t.s.c.TestController[0;39m - No active profile set, falling back to 1 default profile: "default" 
2022-05-10 09:33:30,266 [main] [36mo.s.d.r.c.RepositoryConfigurationDelegate[0;39m - Bootstrapping Spring Data JPA repositories in DEFAULT mode. 
2022-05-10 09:33:30,441 [main] [36mo.s.d.r.c.RepositoryConfigurationDelegate[0;39m - Finished Spring Data repository scanning in 147 ms. Found 2 JPA repository interfaces. 
2022-05-10 09:33:34,359 [main] [36mo.h.j.i.u.LogHelper[0;39m - HHH000204: Processing PersistenceUnitInfo [name: default] 
2022-05-10 09:33:34,541 [main] [36mo.h.Version[0;39m - HHH000412: Hibernate ORM core version 5.6.8.Final 
2022-05-10 09:33:35,143 [main] [36mo.h.a.c.Version[0;39m - HCANN000001: Hibernate Commons Annotations {5.1.2.Final} 
2022-05-10 09:33:35,961 [main] [36mc.z.h.HikariDataSource[0;39m - HikariPool-1 - Starting... 
2022-05-10 09:33:36,733 [main] [36mc.z.h.HikariDataSource[0;39m - HikariPool-1 - Start completed. 
2022-05-10 09:33:36,814 [main] [36mo.h.d.Dialect[0;39m - HHH000400: Using dialect: org.hibernate.dialect.MySQL55Dialect 
2022-05-10 09:33:39,096 [main] [36mo.h.e.t.j.p.i.JtaPlatformInitiator[0;39m - HHH000490: Using JtaPlatform implementation: [org.hibernate.engine.transaction.jta.platform.internal.NoJtaPlatform] 
2022-05-10 09:33:39,173 [main] [36mo.s.o.j.LocalContainerEntityManagerFactoryBean[0;39m - Initialized JPA EntityManagerFactory for persistence unit 'default' 
2022-05-10 09:33:43,685 [main] [36mo.s.b.a.o.j.JpaBaseConfiguration$JpaWebConfiguration[0;39m - spring.jpa.open-in-view is enabled by default. Therefore, database queries may be performed during view rendering. Explicitly configure spring.jpa.open-in-view to disable this warning 
2022-05-10 09:33:48,029 [main] [36mc.t.s.c.TestController[0;39m - Started TestController in 23.106 seconds (JVM running for 28.547) 
2022-05-10 09:33:49,603 [main] [36mo.s.m.w.MockServletContext[0;39m - Initializing Spring TestDispatcherServlet '' 
2022-05-10 09:33:49,605 [main] [36mo.s.t.w.s.TestDispatcherServlet[0;39m - Initializing Servlet '' 
2022-05-10 09:33:49,606 [main] [36mo.s.t.w.s.TestDispatcherServlet[0;39m - Completed initialization in 0 ms 
2022-05-10 09:33:50,163 [main] [36mc.t.s.c.StudentController[0;39m - StudentDto(name=Ruturaj, age=27, address=Mumbai, subjects=[Subject(id=null, name=Hindi, marks=80.0), Subject(id=null, name=English, marks=90.0)])  Students Details Inserted Successfully.. 
2022-05-10 09:33:50,348 [SpringApplicationShutdownHook] [36mo.s.o.j.LocalContainerEntityManagerFactoryBean[0;39m - Closing JPA EntityManagerFactory for persistence unit 'default' 
2022-05-10 09:33:50,352 [SpringApplicationShutdownHook] [36mc.z.h.HikariDataSource[0;39m - HikariPool-1 - Shutdown initiated... 
2022-05-10 09:33:50,405 [SpringApplicationShutdownHook] [36mc.z.h.HikariDataSource[0;39m - HikariPool-1 - Shutdown completed. 
2022-05-10 09:34:10,531 [main] [36mc.t.s.c.TestController[0;39m - Starting TestController using Java 15.0.2 on DESKTOP-NJK7R17 with PID 9252 (started by Dundappa in D:\BAckend\Student_Management) 
2022-05-10 09:34:10,538 [main] [36mc.t.s.c.TestController[0;39m - No active profile set, falling back to 1 default profile: "default" 
2022-05-10 09:34:13,095 [main] [36mo.s.d.r.c.RepositoryConfigurationDelegate[0;39m - Bootstrapping Spring Data JPA repositories in DEFAULT mode. 
2022-05-10 09:34:13,295 [main] [36mo.s.d.r.c.RepositoryConfigurationDelegate[0;39m - Finished Spring Data repository scanning in 172 ms. Found 2 JPA repository interfaces. 
2022-05-10 09:34:15,830 [main] [36mo.h.j.i.u.LogHelper[0;39m - HHH000204: Processing PersistenceUnitInfo [name: default] 
2022-05-10 09:34:15,998 [main] [36mo.h.Version[0;39m - HHH000412: Hibernate ORM core version 5.6.8.Final 
2022-05-10 09:34:16,446 [main] [36mo.h.a.c.Version[0;39m - HCANN000001: Hibernate Commons Annotations {5.1.2.Final} 
2022-05-10 09:34:17,040 [main] [36mc.z.h.HikariDataSource[0;39m - HikariPool-1 - Starting... 
2022-05-10 09:34:17,649 [main] [36mc.z.h.HikariDataSource[0;39m - HikariPool-1 - Start completed. 
2022-05-10 09:34:17,744 [main] [36mo.h.d.Dialect[0;39m - HHH000400: Using dialect: org.hibernate.dialect.MySQL55Dialect 
2022-05-10 09:34:19,441 [main] [36mo.h.e.t.j.p.i.JtaPlatformInitiator[0;39m - HHH000490: Using JtaPlatform implementation: [org.hibernate.engine.transaction.jta.platform.internal.NoJtaPlatform] 
2022-05-10 09:34:19,459 [main] [36mo.s.o.j.LocalContainerEntityManagerFactoryBean[0;39m - Initialized JPA EntityManagerFactory for persistence unit 'default' 
2022-05-10 09:34:21,775 [main] [36mo.s.b.a.o.j.JpaBaseConfiguration$JpaWebConfiguration[0;39m - spring.jpa.open-in-view is enabled by default. Therefore, database queries may be performed during view rendering. Explicitly configure spring.jpa.open-in-view to disable this warning 
2022-05-10 09:34:24,955 [main] [36mc.t.s.c.TestController[0;39m - Started TestController in 15.626 seconds (JVM running for 19.806) 
2022-05-10 09:34:25,994 [main] [36mo.s.m.w.MockServletContext[0;39m - Initializing Spring TestDispatcherServlet '' 
2022-05-10 09:34:25,995 [main] [36mo.s.t.w.s.TestDispatcherServlet[0;39m - Initializing Servlet '' 
2022-05-10 09:34:25,998 [main] [36mo.s.t.w.s.TestDispatcherServlet[0;39m - Completed initialization in 1 ms 
2022-05-10 09:34:26,227 [main] [36mc.t.s.c.StudentController[0;39m - Students Details Fetched Successfully.. 
2022-05-10 09:34:26,410 [SpringApplicationShutdownHook] [36mo.s.o.j.LocalContainerEntityManagerFactoryBean[0;39m - Closing JPA EntityManagerFactory for persistence unit 'default' 
2022-05-10 09:34:26,415 [SpringApplicationShutdownHook] [36mc.z.h.HikariDataSource[0;39m - HikariPool-1 - Shutdown initiated... 
2022-05-10 09:34:26,474 [SpringApplicationShutdownHook] [36mc.z.h.HikariDataSource[0;39m - HikariPool-1 - Shutdown completed. 
